<?xml version="1.0" encoding="UTF-8"?>
<!-- Generated by org.testng.reporters.JUnitReportReporter -->
<testsuite skipped="0" hostname="Raghavendras-MacBook-Pro.local" name="com.goodreadsSe.Tests.AssignmentTest" tests="1" failures="0" timestamp="2022-05-14T01:58:30 IST" time="59.845" errors="0">
  <testcase name="testGoodreads" time="59.845" classname="com.goodreadsSe.Tests.AssignmentTest"/>
  <system-out/>
</testsuite> <!-- com.goodreadsSe.Tests.AssignmentTest -->
